<?xml version="1.0" encoding="UTF-8"?>
<!-- Generated by org.testng.reporters.JUnitReportReporter -->
<testsuite hostname="Saer-Ubutu32" name="calculator.saera.senaym.johanm.test.AdvancedMethodsTest" tests="6" failures="0" timestamp="7 Nov 2016 13:38:20 GMT" time="0.336" errors="0">
  <testcase name="testCountAbsolute" time="0.094" classname="calculator.saera.senaym.johanm.test.AdvancedMethodsTest"/>
  <testcase name="testRoundNumber" time="0.048" classname="calculator.saera.senaym.johanm.test.AdvancedMethodsTest"/>
  <testcase name="testCountSquare" time="0.068" classname="calculator.saera.senaym.johanm.test.AdvancedMethodsTest"/>
  <testcase name="testFibonachi" time="0.049" classname="calculator.saera.senaym.johanm.test.AdvancedMethodsTest"/>
  <testcase name="testCountSin" time="0.032" classname="calculator.saera.senaym.johanm.test.AdvancedMethodsTest"/>
  <testcase name="testCountPow" time="0.045" classname="calculator.saera.senaym.johanm.test.AdvancedMethodsTest"/>
</testsuite> <!-- calculator.saera.senaym.johanm.test.AdvancedMethodsTest -->
