<?xml version="1.0" encoding="UTF-8"?>
<!-- Generated by org.testng.reporters.JUnitReportReporter -->
<testsuite hostname="Saer-Ubutu32" name="calculator.saera.senaym.johanm.test.BasicMethodsTest" tests="4" failures="0" timestamp="7 Nov 2016 13:38:20 GMT" time="0.272" errors="0">
  <testcase name="testAddition" time="0.035" classname="calculator.saera.senaym.johanm.test.BasicMethodsTest"/>
  <testcase name="testMultiplication" time="0.065" classname="calculator.saera.senaym.johanm.test.BasicMethodsTest"/>
  <testcase name="testSubtraction" time="0.088" classname="calculator.saera.senaym.johanm.test.BasicMethodsTest"/>
  <testcase name="testDivision" time="0.084" classname="calculator.saera.senaym.johanm.test.BasicMethodsTest"/>
</testsuite> <!-- calculator.saera.senaym.johanm.test.BasicMethodsTest -->
